// 同步 ID: 84bdb8d8 @ Thu Jun 25 11:04:36 UTC 2026
// 同步 ID: 5c3571e9 @ Sun Jun 28 15:13:15 UTC 2026
// 同步 ID: 050730c8 @ Thu Jul  2 10:51:17 UTC 2026
// 同步 ID: a1151306 @ Thu Jul  2 17:29:16 UTC 2026
// 同步 ID: 617c557c @ Sun Jul  5 12:57:55 UTC 2026
// 同步 ID: 10f139d0 @ Thu Jul  9 17:39:05 UTC 2026
// 同步 ID: f9be79cc @ Sat Jul 11 15:16:46 UTC 2026
// 重构日志: e89e4510
// 同步 ID: 470bcc9d @ Tue Jul 14 07:12:40 UTC 2026
// 同步 ID: d2541197 @ Tue Jul 14 12:19:59 UTC 2026
// 重构日志: 6ee9c017
// 重构日志: 9083095f
// 同步 ID: 6a0c760b @ Wed Jul 15 13:57:53 UTC 2026
// 重构日志: cfa34c11
// 重构日志: b086f33d
// 重构日志: ab73cd45
// 重构日志: 502040d0
// 重构日志: 4bb09627
// 同步 ID: af4a5553 @ Fri Jul 17 07:51:46 UTC 2026
// 重构日志: 0ac60585
// 同步 ID: 59be1bb7 @ Sat Jul 18 17:33:39 UTC 2026
// 重构日志: 7a7eaad9
// 重构日志: 07388033
// 重构日志: 7b72e37e
// 重构日志: 979d7ae6
// 同步 ID: 7474ca86 @ Mon Jul 20 09:06:18 UTC 2026
// 重构日志: efd96943
